\BOOKMARK [1][-]{section.1}{\376\377\000I\000n\000t\000r\000o\000d\000u\000c\000t\000i\000o\000n}{}% 1
\BOOKMARK [2][-]{subsection.1.1}{\376\377\000C\000o\000n\000t\000e\000x\000t\000e\000\040\000e\000t\000\040\000p\000r\000o\000b\000l\000\351\000m\000a\000t\000i\000q\000u\000e}{section.1}% 2
\BOOKMARK [2][-]{subsection.1.2}{\376\377\000L\000a\000\040\000C\000o\000n\000j\000e\000c\000t\000u\000r\000e\000\040\000d\000e\000\040\000L\000y\000c\000h\000r\000e\000l}{section.1}% 3
\BOOKMARK [2][-]{subsection.1.3}{\376\377\000\311\000t\000a\000t\000\040\000d\000e\000\040\000l\000'\000a\000r\000t}{section.1}% 4
\BOOKMARK [2][-]{subsection.1.4}{\376\377\000C\000o\000n\000t\000r\000i\000b\000u\000t\000i\000o\000n\000\040\000d\000e\000\040\000c\000e\000t\000t\000e\000\040\000\351\000t\000u\000d\000e}{section.1}% 5
\BOOKMARK [1][-]{section.2}{\376\377\000M\000\351\000t\000h\000o\000d\000o\000l\000o\000g\000i\000e}{}% 6
\BOOKMARK [2][-]{subsection.2.1}{\376\377\000C\000o\000n\000c\000e\000p\000t\000\040\000d\000e\000\040\000p\000o\000r\000t\000e}{section.2}% 7
\BOOKMARK [3][-]{subsubsection.2.1.1}{\376\377\000F\000o\000r\000m\000u\000l\000e\000s\000\040\000d\000e\000s\000\040\000p\000o\000r\000t\000e\000s\000\040\000p\000a\000r\000\040\000d\000i\000m\000e\000n\000s\000i\000o\000n}{subsection.2.1}% 8
\BOOKMARK [2][-]{subsection.2.2}{\376\377\000S\000i\000g\000n\000a\000t\000u\000r\000e\000s}{section.2}% 9
\BOOKMARK [2][-]{subsection.2.3}{\376\377\000C\000l\000a\000s\000s\000e\000s\000\040\000d\000'\000\351\000q\000u\000i\000v\000a\000l\000e\000n\000c\000e}{section.2}% 10
\BOOKMARK [2][-]{subsection.2.4}{\376\377\000E\000n\000s\000e\000m\000b\000l\000e\000s\000\040\000S\000\040\000:\000\040\000P\000o\000r\000t\000e\000s\000\040\000a\000c\000c\000e\000s\000s\000i\000b\000l\000e\000s}{section.2}% 11
\BOOKMARK [2][-]{subsection.2.5}{\376\377\000P\000r\000o\000t\000o\000c\000o\000l\000e\000\040\000c\000o\000m\000p\000u\000t\000a\000t\000i\000o\000n\000n\000e\000l}{section.2}% 12
\BOOKMARK [2][-]{subsection.2.6}{\376\377\000A\000l\000g\000o\000r\000i\000t\000h\000m\000e\000\040\000d\000e\000\040\000v\000a\000l\000i\000d\000a\000t\000i\000o\000n\000\040\000d\000e\000\040\000f\000e\000r\000m\000e\000t\000u\000r\000e}{section.2}% 13
\BOOKMARK [1][-]{section.3}{\376\377\000R\000\351\000s\000u\000l\000t\000a\000t\000s}{}% 14
\BOOKMARK [2][-]{subsection.3.1}{\376\377\000V\000u\000e\000\040\000d\000'\000e\000n\000s\000e\000m\000b\000l\000e\000\040\000d\000e\000s\000\040\000d\000i\000m\000e\000n\000s\000i\000o\000n\000s\000\040\000k\000=\0003\000\040\000\340\000\040\000k\000=\0009}{section.3}% 15
\BOOKMARK [2][-]{subsection.3.2}{\376\377\000V\000a\000l\000i\000d\000a\000t\000i\000o\000n\000\040\000e\000x\000h\000a\000u\000s\000t\000i\000v\000e\000\040\000K\0003\041\222\000K\0008}{section.3}% 16
\BOOKMARK [2][-]{subsection.3.3}{\376\377\000A\000n\000a\000l\000y\000s\000e\000\040\000d\000e\000\040\000K\0008\000\040\000:\000\040\000D\000i\000m\000e\000n\000s\000i\000o\000n\000\040\000m\000i\000x\000t\000e}{section.3}% 17
\BOOKMARK [2][-]{subsection.3.4}{\376\377\000A\000n\000a\000l\000y\000s\000e\000\040\000d\000\351\000t\000a\000i\000l\000l\000\351\000e\000\040\000d\000e\000\040\000K\0009}{section.3}% 18
\BOOKMARK [3][-]{subsubsection.3.4.1}{\376\377\000D\000i\000s\000t\000r\000i\000b\000u\000t\000i\000o\000n\000\040\000g\000l\000o\000b\000a\000l\000e}{subsection.3.4}% 19
\BOOKMARK [3][-]{subsubsection.3.4.2}{\376\377\000S\000i\000g\000n\000a\000t\000u\000r\000e\000s\000\040\000d\000o\000m\000i\000n\000a\000n\000t\000e\000s}{subsection.3.4}% 20
\BOOKMARK [2][-]{subsection.3.5}{\376\377\000L\000'\000a\000t\000t\000r\000a\000c\000t\000e\000u\000r\000\040\000u\000n\000i\000v\000e\000r\000s\000e\000l\000\040\000:\000\040\000S\000i\000g\000n\000a\000t\000u\000r\000e\000\040\000\050\0001\0007\000,\0007\000\051}{section.3}% 21
\BOOKMARK [1][-]{section.4}{\376\377\000C\000o\000n\000s\000t\000r\000u\000c\000t\000i\000o\000n\000\040\000d\000e\000\040\000l\000'\000E\000n\000s\000e\000m\000b\000l\000e\000\040\000S\0001\000\040\000:\000\040\000B\000r\000a\000n\000c\000h\000e\000\040\000d\000e\000\040\0001\0009\0006}{}% 22
\BOOKMARK [2][-]{subsection.4.1}{\376\377\000M\000\351\000t\000h\000o\000d\000o\000l\000o\000g\000i\000e}{section.4}% 23
\BOOKMARK [2][-]{subsection.4.2}{\376\377\000R\000\351\000s\000u\000l\000t\000a\000t\000s\000\040\000:\000\040\000P\000o\000r\000t\000e\000s\000\040\000o\000b\000s\000e\000r\000v\000\351\000e\000s}{section.4}% 24
\BOOKMARK [2][-]{subsection.4.3}{\376\377\000F\000e\000r\000m\000e\000t\000u\000r\000e\000\040\000d\000e\000\040\000l\000'\000e\000n\000s\000e\000m\000b\000l\000e\000\040\000S\0001}{section.4}% 25
\BOOKMARK [1][-]{section.5}{\376\377\000P\000r\000e\000u\000v\000e\000\040\000E\000m\000p\000i\000r\000i\000q\000u\000e\000\040\000:\000\040\0001\0009\0006\000\040\000e\000s\000t\000\040\000u\000n\000\040\000N\000o\000m\000b\000r\000e\000\040\000d\000e\000\040\000L\000y\000c\000h\000r\000e\000l}{}% 26
\BOOKMARK [2][-]{subsection.5.1}{\376\377\000S\000t\000r\000u\000c\000t\000u\000r\000e\000\040\000d\000e\000\040\000l\000a\000\040\000p\000r\000e\000u\000v\000e}{section.5}% 27
\BOOKMARK [2][-]{subsection.5.2}{\376\377\000P\000r\000e\000m\000i\000e\000r\000\040\000p\000i\000l\000i\000e\000r\000\040\000:\000\040\000F\000e\000r\000m\000e\000t\000u\000r\000e\000\040\000d\000e\000\040\000S\0001}{section.5}% 28
\BOOKMARK [2][-]{subsection.5.3}{\376\377\000D\000e\000u\000x\000i\000\350\000m\000e\000\040\000p\000i\000l\000i\000e\000r\000\040\000:\000\040\000C\000o\000n\000f\000i\000n\000e\000m\000e\000n\000t\000\040\000d\000e\000\040\000l\000a\000\040\000t\000r\000a\000j\000e\000c\000t\000o\000i\000r\000e}{section.5}% 29
\BOOKMARK [2][-]{subsection.5.4}{\376\377\000T\000r\000o\000i\000s\000i\000\350\000m\000e\000\040\000p\000i\000l\000i\000e\000r\000\040\000:\000\040\000V\000\351\000r\000i\000f\000i\000c\000a\000t\000i\000o\000n\000\040\000d\000i\000r\000e\000c\000t\000e\000\040\000d\000e\000\040\000l\000a\000\040\000t\000r\000a\000j\000e\000c\000t\000o\000i\000r\000e}{section.5}% 30
\BOOKMARK [2][-]{subsection.5.5}{\376\377\000S\000y\000n\000t\000h\000\350\000s\000e\000\040\000d\000e\000\040\000l\000a\000\040\000p\000r\000e\000u\000v\000e}{section.5}% 31
\BOOKMARK [2][-]{subsection.5.6}{\376\377\000N\000a\000t\000u\000r\000e\000\040\000e\000t\000\040\000p\000o\000r\000t\000\351\000e\000\040\000d\000e\000\040\000l\000a\000\040\000p\000r\000e\000u\000v\000e}{section.5}% 32
\BOOKMARK [3][-]{subsubsection.5.6.1}{\376\377\000C\000e\000\040\000q\000u\000i\000\040\000e\000s\000t\000\040\000\351\000t\000a\000b\000l\000i\000\040\000e\000m\000p\000i\000r\000i\000q\000u\000e\000m\000e\000n\000t}{subsection.5.6}% 33
\BOOKMARK [3][-]{subsubsection.5.6.2}{\376\377\000C\000e\000\040\000q\000u\000i\000\040\000r\000e\000s\000t\000e\000\040\000o\000u\000v\000e\000r\000t}{subsection.5.6}% 34
\BOOKMARK [1][-]{section.6}{\376\377\000D\000\351\000c\000o\000u\000v\000e\000r\000t\000e\000\040\000d\000e\000\040\000D\000e\000u\000x\000\040\000F\000a\000m\000i\000l\000l\000e\000s\000\040\000D\000i\000s\000t\000i\000n\000c\000t\000e\000s}{}% 35
\BOOKMARK [2][-]{subsection.6.1}{\376\377\000O\000r\000g\000a\000n\000i\000s\000a\000t\000i\000o\000n\000\040\000d\000e\000s\000\040\0001\0003\000\040\000c\000a\000n\000d\000i\000d\000a\000t\000s\000\040\000L\000y\000c\000h\000r\000e\000l\000\040\000i\000n\000i\000t\000i\000a\000u\000x}{section.6}% 36
\BOOKMARK [2][-]{subsection.6.2}{\376\377\000F\000a\000m\000i\000l\000l\000e\000\040\0001\000\040\000:\000\040\000B\000r\000a\000n\000c\000h\000e\000\040\000d\000e\000\040\0001\0009\0006\000\040\000\050\0001\0001\000\040\000n\000o\000m\000b\000r\000e\000s\000\051}{section.6}% 37
\BOOKMARK [3][-]{subsubsection.6.2.1}{\376\377\000G\000r\000o\000u\000p\000e\000\040\000A\000\040\000:\000\040\000P\000o\000r\000t\000e\000\040\000K\0003\000\040\000\050\0007\000,\0009\000\051\000\040\000-\000\040\0009\000\040\000n\000o\000m\000b\000r\000e\000s}{subsection.6.2}% 38
\BOOKMARK [3][-]{subsubsection.6.2.2}{\376\377\000G\000r\000o\000u\000p\000e\000\040\000B\000\040\000:\000\040\000P\000o\000r\000t\000e\000\040\000K\0003\000\040\000\050\0001\0005\000,\0008\000\051\000\040\000-\000\040\0002\000\040\000n\000o\000m\000b\000r\000e\000s}{subsection.6.2}% 39
\BOOKMARK [2][-]{subsection.6.3}{\376\377\000F\000a\000m\000i\000l\000l\000e\000\040\0002\000\040\000:\000\040\000B\000r\000a\000n\000c\000h\000e\000\040\000d\000e\000\040\0008\0007\0009\000\040\000\050\0002\000\040\000n\000o\000m\000b\000r\000e\000s\000\051}{section.6}% 40
\BOOKMARK [2][-]{subsection.6.4}{\376\377\000S\000c\000h\000\351\000m\000a\000\040\000d\000e\000\040\000c\000o\000n\000v\000e\000r\000g\000e\000n\000c\000e}{section.6}% 41
\BOOKMARK [2][-]{subsection.6.5}{\376\377\000I\000m\000p\000l\000i\000c\000a\000t\000i\000o\000n\000s\000\040\000t\000h\000\351\000o\000r\000i\000q\000u\000e\000s}{section.6}% 42
\BOOKMARK [1][-]{section.7}{\376\377\000I\000m\000p\000l\000i\000c\000a\000t\000i\000o\000n\000s\000\040\000p\000o\000u\000r\000\040\000l\000a\000\040\000C\000o\000n\000j\000e\000c\000t\000u\000r\000e\000\040\000d\000e\000\040\000L\000y\000c\000h\000r\000e\000l}{}% 43
\BOOKMARK [2][-]{subsection.7.1}{\376\377\000\311\000n\000o\000n\000c\000\351\000\040\000d\000e\000\040\000l\000a\000\040\000c\000o\000n\000j\000e\000c\000t\000u\000r\000e}{section.7}% 44
\BOOKMARK [2][-]{subsection.7.2}{\376\377\000C\000o\000n\000f\000i\000r\000m\000a\000t\000i\000o\000n\000\040\000e\000m\000p\000i\000r\000i\000q\000u\000e}{section.7}% 45
\BOOKMARK [2][-]{subsection.7.3}{\376\377\000N\000a\000t\000u\000r\000e\000\040\000d\000e\000\040\000l\000a\000\040\000c\000o\000n\000f\000i\000r\000m\000a\000t\000i\000o\000n}{section.7}% 46
\BOOKMARK [2][-]{subsection.7.4}{\376\377\000S\000t\000r\000u\000c\000t\000u\000r\000e\000\040\000\340\000\040\000b\000r\000a\000n\000c\000h\000e\000s\000\040\000m\000u\000l\000t\000i\000p\000l\000e\000s}{section.7}% 47
\BOOKMARK [2][-]{subsection.7.5}{\376\377\000C\000o\000m\000p\000a\000r\000a\000i\000s\000o\000n\000\040\000h\000i\000s\000t\000o\000r\000i\000q\000u\000e}{section.7}% 48
\BOOKMARK [2][-]{subsection.7.6}{\376\377\000C\000o\000n\000t\000r\000i\000b\000u\000t\000i\000o\000n\000\040\000a\000u\000\040\000p\000r\000o\000b\000l\000\350\000m\000e}{section.7}% 49
\BOOKMARK [1][-]{section.8}{\376\377\000I\000n\000t\000e\000r\000p\000r\000\351\000t\000a\000t\000i\000o\000n\000\040\000e\000t\000\040\000D\000i\000s\000c\000u\000s\000s\000i\000o\000n}{}% 50
\BOOKMARK [2][-]{subsection.8.1}{\376\377\000S\000t\000r\000u\000c\000t\000u\000r\000e\000\040\000f\000r\000a\000c\000t\000a\000l\000e\000\040\000h\000i\000\351\000r\000a\000r\000c\000h\000i\000q\000u\000e}{section.8}% 51
\BOOKMARK [2][-]{subsection.8.2}{\376\377\000P\000h\000a\000s\000e\000s\000\040\000\351\000v\000o\000l\000u\000t\000i\000o\000n\000n\000a\000i\000r\000e\000s}{section.8}% 52
\BOOKMARK [2][-]{subsection.8.3}{\376\377\000T\000a\000b\000l\000e\000a\000u\000\040\000c\000o\000m\000p\000a\000r\000a\000t\000i\000f\000\040\000d\000e\000s\000\040\000c\000o\000m\000p\000o\000r\000t\000e\000m\000e\000n\000t\000s}{section.8}% 53
\BOOKMARK [2][-]{subsection.8.4}{\376\377\000L\000e\000s\000\040\000e\000n\000s\000e\000m\000b\000l\000e\000s\000\040\000S\000\040\000c\000o\000m\000m\000e\000\040\000a\000t\000t\000r\000a\000c\000t\000e\000u\000r\000s}{section.8}% 54
\BOOKMARK [1][-]{section.9}{\376\377\000L\000i\000m\000i\000t\000a\000t\000i\000o\000n\000s\000\040\000e\000t\000\040\000P\000e\000r\000s\000p\000e\000c\000t\000i\000v\000e\000s}{}% 55
\BOOKMARK [2][-]{subsection.9.1}{\376\377\000N\000a\000t\000u\000r\000e\000\040\000d\000e\000\040\000l\000a\000\040\000p\000r\000e\000u\000v\000e}{section.9}% 56
\BOOKMARK [2][-]{subsection.9.2}{\376\377\000S\000t\000a\000t\000u\000t\000\040\000d\000e\000\040\000l\000a\000\040\000b\000r\000a\000n\000c\000h\000e\000\040\0008\0007\0009\000/\0009\0007\0008}{section.9}% 57
\BOOKMARK [2][-]{subsection.9.3}{\376\377\000E\000x\000t\000e\000n\000s\000i\000o\000n\000s\000\040\000n\000\351\000c\000e\000s\000s\000a\000i\000r\000e\000s}{section.9}% 58
\BOOKMARK [2][-]{subsection.9.4}{\376\377\000P\000i\000s\000t\000e\000s\000\040\000d\000e\000\040\000r\000e\000c\000h\000e\000r\000c\000h\000e\000\040\000f\000u\000t\000u\000r\000e\000s}{section.9}% 59
\BOOKMARK [1][-]{section.10}{\376\377\000C\000o\000n\000c\000l\000u\000s\000i\000o\000n}{}% 60
\BOOKMARK [2][-]{subsection.10.1}{\376\377\000S\000y\000n\000t\000h\000\350\000s\000e\000\040\000d\000e\000s\000\040\000c\000o\000n\000t\000r\000i\000b\000u\000t\000i\000o\000n\000s}{section.10}% 61
\BOOKMARK [2][-]{subsection.10.2}{\376\377\000I\000m\000p\000a\000c\000t\000\040\000s\000c\000i\000e\000n\000t\000i\000f\000i\000q\000u\000e}{section.10}% 62
\BOOKMARK [2][-]{subsection.10.3}{\376\377\000R\000\351\000s\000u\000l\000t\000a\000t\000\040\000p\000r\000i\000n\000c\000i\000p\000a\000l}{section.10}% 63
\BOOKMARK [2][-]{subsection.10.4}{\376\377\000C\000o\000n\000c\000l\000u\000s\000i\000o\000n\000\040\000f\000i\000n\000a\000l\000e}{section.10}% 64
\BOOKMARK [1][-]{appendix.A}{\376\377\000D\000o\000n\000n\000\351\000e\000s\000\040\000C\000o\000m\000p\000l\000\351\000m\000e\000n\000t\000a\000i\000r\000e\000s}{}% 65
\BOOKMARK [2][-]{subsection.A.1}{\376\377\000T\000a\000b\000l\000e\000a\000u\000\040\000c\000o\000m\000p\000l\000e\000t\000\040\000K\0003\000-\000K\0009}{appendix.A}% 66
\BOOKMARK [2][-]{subsection.A.2}{\376\377\000L\000e\000s\000\040\0001\0003\000\040\000c\000a\000n\000d\000i\000d\000a\000t\000s\000\040\000L\000y\000c\000h\000r\000e\000l\000\040\000:\000\040\000C\000l\000a\000s\000s\000i\000f\000i\000c\000a\000t\000i\000o\000n\000\040\000c\000o\000m\000p\000l\000\350\000t\000e}{appendix.A}% 67
\BOOKMARK [2][-]{subsection.A.3}{\376\377\000V\000a\000l\000i\000d\000a\000t\000i\000o\000n\000\040\000K\0008\000\040\000:\000\040\000D\000o\000n\000n\000\351\000e\000s\000\040\000d\000\351\000t\000a\000i\000l\000l\000\351\000e\000s}{appendix.A}% 68
\BOOKMARK [2][-]{subsection.A.4}{\376\377\000S\000i\000g\000n\000a\000t\000u\000r\000e\000s\000\040\000p\000e\000r\000s\000i\000s\000t\000a\000n\000t\000e\000s}{appendix.A}% 69
\BOOKMARK [1][-]{appendix.B}{\376\377\000C\000o\000d\000e\000\040\000S\000o\000u\000r\000c\000e}{}% 70
\BOOKMARK [2][-]{subsection.B.1}{\376\377\000C\000a\000l\000c\000u\000l\000\040\000d\000e\000\040\000p\000o\000r\000t\000e}{appendix.B}% 71
\BOOKMARK [2][-]{subsection.B.2}{\376\377\000V\000\351\000r\000i\000f\000i\000c\000a\000t\000i\000o\000n\000\040\000d\000e\000\040\000p\000a\000l\000i\000n\000d\000r\000o\000m\000e}{appendix.B}% 72
\BOOKMARK [2][-]{subsection.B.3}{\376\377\000I\000d\000e\000n\000t\000i\000f\000i\000c\000a\000t\000i\000o\000n\000\040\000d\000e\000\040\000l\000a\000\040\000f\000a\000m\000i\000l\000l\000e}{appendix.B}% 73
\BOOKMARK [2][-]{subsection.B.4}{\376\377\000V\000\351\000r\000i\000f\000i\000c\000a\000t\000i\000o\000n\000\040\000d\000e\000\040\000l\000a\000\040\000t\000r\000a\000j\000e\000c\000t\000o\000i\000r\000e}{appendix.B}% 74
